[debug] [2018-04-25T10:36:14.791Z] ----------------------------------------------------------------------
[debug] [2018-04-25T10:36:14.793Z] Command:       /usr/local/bin/node /usr/local/bin/firebase serve
[debug] [2018-04-25T10:36:14.793Z] CLI Version:   3.18.4
[debug] [2018-04-25T10:36:14.793Z] Platform:      darwin
[debug] [2018-04-25T10:36:14.793Z] Node Version:  v8.11.1
[debug] [2018-04-25T10:36:14.793Z] Time:          Wed Apr 25 2018 12:36:14 GMT+0200 (CEST)
[debug] [2018-04-25T10:36:14.793Z] ----------------------------------------------------------------------
[debug] 
[debug] [2018-04-25T10:36:14.801Z] > command requires scopes: ["email","openid","https://www.googleapis.com/auth/cloudplatformprojects.readonly","https://www.googleapis.com/auth/firebase","https://www.googleapis.com/auth/cloud-platform"]
[debug] [2018-04-25T10:36:14.801Z] > authorizing via signed-in user
[debug] [2018-04-25T10:36:14.802Z] > refreshing access token with scopes: ["email","https://www.googleapis.com/auth/cloud-platform","https://www.googleapis.com/auth/cloudplatformprojects.readonly","https://www.googleapis.com/auth/firebase","openid"]
[debug] [2018-04-25T10:36:14.803Z] >>> HTTP REQUEST POST https://www.googleapis.com/oauth2/v3/token  
 { refresh_token: '1/g5YO-fnh9Y8tbWgC5eCmtbvt8UmEgv8z35v37EgHuEk',
  client_id: '563584335869-fgrhgmd47bqnekij5i8b5pr03ho849e6.apps.googleusercontent.com',
  client_secret: 'j9iVZfS8kkCEFUPaAeJV0sAi',
  grant_type: 'refresh_token',
  scope: 'email https://www.googleapis.com/auth/cloud-platform https://www.googleapis.com/auth/cloudplatformprojects.readonly https://www.googleapis.com/auth/firebase openid' } 
 Wed Apr 25 2018 12:36:14 GMT+0200 (CEST)
[debug] [2018-04-25T10:36:15.043Z] <<< HTTP RESPONSE 200
[debug] [2018-04-25T10:36:15.055Z] >>> HTTP REQUEST GET https://admin.firebase.com/v1/projects/hyperstartblog  
  
 Wed Apr 25 2018 12:36:15 GMT+0200 (CEST)
[debug] [2018-04-25T10:36:15.769Z] <<< HTTP RESPONSE 200
[debug] [2018-04-25T10:36:15.770Z] >>> HTTP REQUEST GET https://admin.firebase.com/v1/database/hyperstartblog/tokens  
  
 Wed Apr 25 2018 12:36:15 GMT+0200 (CEST)
[debug] [2018-04-25T10:36:16.451Z] <<< HTTP RESPONSE 200
[debug] [2018-04-25T10:36:16.452Z] >>> HTTP REQUEST GET https://cloudresourcemanager.googleapis.com/v1/projects/hyperstartblog  
  
 Wed Apr 25 2018 12:36:16 GMT+0200 (CEST)
[debug] [2018-04-25T10:36:17.324Z] <<< HTTP RESPONSE 200
[info] 
[info] === Serving from '/Users/henrique/Projects/blog'...
[info] 
[debug] [2018-04-25T10:36:17.327Z] >>> HTTP REQUEST GET https://mobilesdk-pa.googleapis.com/v1/projects/261354030576/clients/_:getWebAppConfig  
  
 Wed Apr 25 2018 12:36:17 GMT+0200 (CEST)
[debug] [2018-04-25T10:36:17.839Z] <<< HTTP RESPONSE 200
[info] i  hosting: Serving hosting files from: docs
[info] ✔  hosting: Local server: http://localhost:5000

